#
# A fatal error has been detected by the Java Runtime Environment:
#
#  SIGSEGV (0xb) at pc=0x00007fff2d557bba, pid=36796, tid=0x0000000000008613
#
# JRE version: Java(TM) SE Runtime Environment (8.0_162-b12) (build 1.8.0_162-b12)
# Java VM: Java HotSpot(TM) 64-Bit Server VM (25.162-b12 mixed mode bsd-amd64 compressed oops)
# Problematic frame:
# C  [CoreVideo+0x15bba]  _ZL13startIOThreadPv+0x21
#
# Failed to write core dump. Core dumps have been disabled. To enable core dumping, try "ulimit -c unlimited" before starting Java again
#
# If you would like to submit a bug report, please visit:
#   http://bugreport.java.com/bugreport/crash.jsp
#

---------------  T H R E A D  ---------------

Current thread is native thread

siginfo: si_signo: 11 (SIGSEGV), si_code: 0 (unknown), si_addr: 0x0000000000000000

Registers:
RAX=0x00007fda5e974840, RBX=0x000070000a5e5000, RCX=0x616c707369445643, RDX=0x0000000000000006
RSP=0x000070000a5e4f18, RBP=0x000070000a5e4f30, RSI=0x00007fff2d5736c3, RDI=0x00007fda5e974820
R8 =0x006b6e694c79616c, R9 =0x000000000000000d, R10=0x0000000000000000, R11=0xfffff000dd071985
R12=0x0000000000000000, R13=0x0000000000000000, R14=0x0000000000000000, R15=0x0000000000000000
RIP=0x00007fff2d557bba, EFLAGS=0x0000000000010202, ERR=0x0000000000000000
  TRAPNO=0x000000000000000d

Top of Stack: (sp=0x000070000a5e4f18)
0x000070000a5e4f18:   00007fff589a433d 0000000000000000
0x000070000a5e4f28:   000070000a5e5000 000070000a5e4f50
0x000070000a5e4f38:   00007fff589a72a7 0000000000000000
0x000070000a5e4f48:   0000000000000000 000070000a5e4f78
0x000070000a5e4f58:   00007fff589a3425 0000000000000000
0x000070000a5e4f68:   0000000000000000 0000000000000000
0x000070000a5e4f78:   0000000000000000 0000000000000000
0x000070000a5e4f88:   0000000000000000 0000000000000000
0x000070000a5e4f98:   0000000000000000 0000000000000000
0x000070000a5e4fa8:   0000000000000000 0000000000000000
0x000070000a5e4fb8:   0000000000000000 0000000000000000
0x000070000a5e4fc8:   0000000000000000 0000000000000000
0x000070000a5e4fd8:   0000000000000000 0000000000000000
0x000070000a5e4fe8:   0000000000000000 0000000000000000
0x000070000a5e4ff8:   0000000000000000 0000000054485244
0x000070000a5e5008:   0000000000000000 0000000000000000
0x000070000a5e5018:   000070000e96d010 0000000000000000
0x000070000a5e5028:   0000000000000000 0000000000000001
0x000070000a5e5038:   0000000a0000001f 0001000000000000
0x000070000a5e5048:   616c707369445643 0000006b6e694c79
0x000070000a5e5058:   0000000000000000 0000000000000000
0x000070000a5e5068:   0000000000000000 0000000000000000
0x000070000a5e5078:   0000000000000000 0000000000000000
0x000070000a5e5088:   00007fff2d557b99 0000000000000000
0x000070000a5e5098:   00007fda5e974820 0023000000000000
0x000070000a5e50a8:   0000000000000000 000070000a5e5000
0x000070000a5e50b8:   000070000a565000 000070000a564000
0x000070000a5e50c8:   0000000000083000 0000000000001000
0x000070000a5e50d8:   000000000007b715 000070000a5e5000
0x000070000a5e50e8:   000070000a5e50ac 0000000000000000
0x000070000a5e50f8:   0000000000008613 00000000000008ff
0x000070000a5e5108:   0000000000000000 0000000000000000 

Instructions: (pc=0x00007fff2d557bba)
0x00007fff2d557b9a:   48 89 e5 53 50 48 89 fb 48 8d 3d 1a bb 01 00 e8
0x00007fff2d557baa:   42 94 01 00 48 8b 03 48 89 df 48 83 c4 08 5b 5d
0x00007fff2d557bba:   ff 60 78 90 55 48 89 e5 41 57 41 56 41 55 41 54
0x00007fff2d557bca:   53 48 81 ec 58 01 00 00 48 89 fb 48 8b 05 44 a4 

Register to memory mapping:

RAX=0x00007fda5e974840 is an unknown value
RBX=0x000070000a5e5000 is an unknown value
RCX=0x616c707369445643 is an unknown value
RDX=0x0000000000000006 is an unknown value
RSP=0x000070000a5e4f18 is an unknown value
RBP=0x000070000a5e4f30 is an unknown value
RSI=0x00007fff2d5736c3: _ZTS19CVLocklessBunchPair+0x953 in /System/Library/Frameworks/CoreVideo.framework/Versions/A/CoreVideo at 0x00007fff2d542000
RDI=0x00007fda5e974820 is an unknown value
R8 =0x006b6e694c79616c is an unknown value
R9 =0x000000000000000d is an unknown value
R10=0x0000000000000000 is an unknown value
R11=0xfffff000dd071985 is an unknown value
R12=0x0000000000000000 is an unknown value
R13=0x0000000000000000 is an unknown value
R14=0x0000000000000000 is an unknown value
R15=0x0000000000000000 is an unknown value


Stack: [0x000070000a565000,0x000070000a5e5000],  sp=0x000070000a5e4f18,  free space=511k
Native frames: (J=compiled Java code, j=interpreted, Vv=VM code, C=native code)
C  [CoreVideo+0x15bba]  _ZL13startIOThreadPv+0x21
C  [libsystem_pthread.dylib+0x62a7]  _pthread_start+0x46
C  [libsystem_pthread.dylib+0x2425]  thread_start+0xd


---------------  P R O C E S S  ---------------

VM state:not at safepoint (normal execution)

VM Mutex/Monitor currently owned by a thread: None

Heap:
 PSYoungGen      total 190464K, used 93582K [0x0000000795580000, 0x00000007a6480000, 0x00000007c0000000)
  eden space 181760K, 48% used [0x0000000795580000,0x000000079aba2cc0,0x00000007a0700000)
  from space 8704K, 61% used [0x00000007a0700000,0x00000007a0c40e18,0x00000007a0f80000)
  to   space 8704K, 0% used [0x00000007a5c00000,0x00000007a5c00000,0x00000007a6480000)
 ParOldGen       total 53248K, used 9849K [0x0000000740000000, 0x0000000743400000, 0x0000000795580000)
  object space 53248K, 18% used [0x0000000740000000,0x000000074099e6b8,0x0000000743400000)
 Metaspace       used 31029K, capacity 32476K, committed 32640K, reserved 1077248K
  class space    used 4397K, capacity 4735K, committed 4736K, reserved 1048576K

Card table byte_map: [0x000000010336e000,0x000000010376f000] byte_map_base: 0x00000000ff96e000

Marking Bits: (ParMarkBitMap*) 0x00000001028f76c0
 Begin Bits: [0x0000000103a1a000, 0x0000000105a1a000)
 End Bits:   [0x0000000105a1a000, 0x0000000107a1a000)

Polling page: 0x0000000101659000

CodeCache: size=245760Kb used=13680Kb max_used=13691Kb free=232079Kb
 bounds [0x0000000110003000, 0x0000000110d73000, 0x000000011f003000]
 total_blobs=5140 nmethods=4290 adapters=763
 compilation: enabled

Compilation events (10 events):
Event: 13.335 Thread 0x00007fda5f0fb000 4734       3       java.io.BufferedWriter::min (9 bytes)
Event: 13.335 Thread 0x00007fda5f0fb000 nmethod 4734 0x0000000110d67010 code [0x0000000110d67180, 0x0000000110d67310]
Event: 13.335 Thread 0x00007fda5f0fb000 4735       3       sun.nio.cs.StreamEncoder::implWrite (156 bytes)
Event: 13.336 Thread 0x00007fda5f0fb000 nmethod 4735 0x0000000110d67390 code [0x0000000110d67600, 0x0000000110d684a8]
Event: 13.336 Thread 0x00007fda5f0fb000 4736   !   3       sun.nio.cs.StreamEncoder::write (78 bytes)
Event: 13.337 Thread 0x00007fda5f0fb000 nmethod 4736 0x0000000110d68cd0 code [0x0000000110d68ea0, 0x0000000110d695c8]
Event: 13.337 Thread 0x00007fda5f0fb000 4731       1       com.sun.webkit.network.Cookie::getName (5 bytes)
Event: 13.337 Thread 0x00007fda5f0fb000 nmethod 4731 0x0000000110d699d0 code [0x0000000110d69b20, 0x0000000110d69c30]
Event: 13.337 Thread 0x00007fda5f0fb000 4732       1       com.sun.webkit.network.Cookie::getValue (5 bytes)
Event: 13.338 Thread 0x00007fda5f0fb000 nmethod 4732 0x0000000110d69c90 code [0x0000000110d69de0, 0x0000000110d69ef0]

GC Heap History (10 events):
Event: 3.751 GC heap before
{Heap before GC invocations=6 (full 1):
 PSYoungGen      total 61440K, used 61017K [0x0000000795580000, 0x0000000799f00000, 0x00000007c0000000)
  eden space 57856K, 99% used [0x0000000795580000,0x0000000798df3d00,0x0000000798e00000)
  from space 3584K, 89% used [0x0000000799b80000,0x0000000799ea2930,0x0000000799f00000)
  to   space 5120K, 0% used [0x0000000799500000,0x0000000799500000,0x0000000799a00000)
 ParOldGen       total 53248K, used 7804K [0x0000000740000000, 0x0000000743400000, 0x0000000795580000)
  object space 53248K, 14% used [0x0000000740000000,0x000000074079f310,0x0000000743400000)
 Metaspace       used 22952K, capacity 23826K, committed 24064K, reserved 1069056K
  class space    used 3288K, capacity 3524K, committed 3584K, reserved 1048576K
Event: 3.760 GC heap after
Heap after GC invocations=6 (full 1):
 PSYoungGen      total 70144K, used 2255K [0x0000000795580000, 0x000000079cb00000, 0x00000007c0000000)
  eden space 65024K, 0% used [0x0000000795580000,0x0000000795580000,0x0000000799500000)
  from space 5120K, 44% used [0x0000000799500000,0x0000000799733d08,0x0000000799a00000)
  to   space 8704K, 0% used [0x000000079c280000,0x000000079c280000,0x000000079cb00000)
 ParOldGen       total 53248K, used 7812K [0x0000000740000000, 0x0000000743400000, 0x0000000795580000)
  object space 53248K, 14% used [0x0000000740000000,0x00000007407a1310,0x0000000743400000)
 Metaspace       used 22952K, capacity 23826K, committed 24064K, reserved 1069056K
  class space    used 3288K, capacity 3524K, committed 3584K, reserved 1048576K
}
Event: 3.785 GC heap before
{Heap before GC invocations=7 (full 1):
 PSYoungGen      total 70144K, used 67169K [0x0000000795580000, 0x000000079cb00000, 0x00000007c0000000)
  eden space 65024K, 99% used [0x0000000795580000,0x00000007994e49f0,0x0000000799500000)
  from space 5120K, 44% used [0x0000000799500000,0x0000000799733d08,0x0000000799a00000)
  to   space 8704K, 0% used [0x000000079c280000,0x000000079c280000,0x000000079cb00000)
 ParOldGen       total 53248K, used 7812K [0x0000000740000000, 0x0000000743400000, 0x0000000795580000)
  object space 53248K, 14% used [0x0000000740000000,0x00000007407a1310,0x0000000743400000)
 Metaspace       used 22952K, capacity 23826K, committed 24064K, reserved 1069056K
  class space    used 3288K, capacity 3524K, committed 3584K, reserved 1048576K
Event: 3.790 GC heap after
Heap after GC invocations=7 (full 1):
 PSYoungGen      total 111616K, used 2260K [0x0000000795580000, 0x000000079db00000, 0x00000007c0000000)
  eden space 102912K, 0% used [0x0000000795580000,0x0000000795580000,0x000000079ba00000)
  from space 8704K, 25% used [0x000000079c280000,0x000000079c4b50f8,0x000000079cb00000)
  to   space 8704K, 0% used [0x000000079ba00000,0x000000079ba00000,0x000000079c280000)
 ParOldGen       total 53248K, used 7820K [0x0000000740000000, 0x0000000743400000, 0x0000000795580000)
  object space 53248K, 14% used [0x0000000740000000,0x00000007407a3310,0x0000000743400000)
 Metaspace       used 22952K, capacity 23826K, committed 24064K, reserved 1069056K
  class space    used 3288K, capacity 3524K, committed 3584K, reserved 1048576K
}
Event: 3.929 GC heap before
{Heap before GC invocations=8 (full 1):
 PSYoungGen      total 111616K, used 105064K [0x0000000795580000, 0x000000079db00000, 0x00000007c0000000)
  eden space 102912K, 99% used [0x0000000795580000,0x000000079b9e50b8,0x000000079ba00000)
  from space 8704K, 25% used [0x000000079c280000,0x000000079c4b50f8,0x000000079cb00000)
  to   space 8704K, 0% used [0x000000079ba00000,0x000000079ba00000,0x000000079c280000)
 ParOldGen       total 53248K, used 7820K [0x0000000740000000, 0x0000000743400000, 0x0000000795580000)
  object space 53248K, 14% used [0x0000000740000000,0x00000007407a3310,0x0000000743400000)
 Metaspace       used 23079K, capacity 23962K, committed 24064K, reserved 1069056K
  class space    used 3308K, capacity 3542K, committed 3584K, reserved 1048576K
Event: 3.933 GC heap after
Heap after GC invocations=8 (full 1):
 PSYoungGen      total 111616K, used 2442K [0x0000000795580000, 0x00000007a1c00000, 0x00000007c0000000)
  eden space 102912K, 0% used [0x0000000795580000,0x0000000795580000,0x000000079ba00000)
  from space 8704K, 28% used [0x000000079ba00000,0x000000079bc62b20,0x000000079c280000)
  to   space 8704K, 0% used [0x00000007a1380000,0x00000007a1380000,0x00000007a1c00000)
 ParOldGen       total 53248K, used 7820K [0x0000000740000000, 0x0000000743400000, 0x0000000795580000)
  object space 53248K, 14% used [0x0000000740000000,0x00000007407a3310,0x0000000743400000)
 Metaspace       used 23079K, capacity 23962K, committed 24064K, reserved 1069056K
  class space    used 3308K, capacity 3542K, committed 3584K, reserved 1048576K
}
Event: 5.926 GC heap before
{Heap before GC invocations=9 (full 1):
 PSYoungGen      total 111616K, used 105354K [0x0000000795580000, 0x00000007a1c00000, 0x00000007c0000000)
  eden space 102912K, 100% used [0x0000000795580000,0x000000079ba00000,0x000000079ba00000)
  from space 8704K, 28% used [0x000000079ba00000,0x000000079bc62b20,0x000000079c280000)
  to   space 8704K, 0% used [0x00000007a1380000,0x00000007a1380000,0x00000007a1c00000)
 ParOldGen       total 53248K, used 7820K [0x0000000740000000, 0x0000000743400000, 0x0000000795580000)
  object space 53248K, 14% used [0x0000000740000000,0x00000007407a3310,0x0000000743400000)
 Metaspace       used 24930K, capacity 25922K, committed 26112K, reserved 1071104K
  class space    used 3526K, capacity 3798K, committed 3840K, reserved 1048576K
Event: 5.959 GC heap after
Heap after GC invocations=9 (full 1):
 PSYoungGen      total 186368K, used 2498K [0x0000000795580000, 0x00000007a1800000, 0x00000007c0000000)
  eden space 181760K, 0% used [0x0000000795580000,0x0000000795580000,0x00000007a0700000)
  from space 4608K, 54% used [0x00000007a1380000,0x00000007a15f0ac8,0x00000007a1800000)
  to   space 8704K, 0% used [0x00000007a0700000,0x00000007a0700000,0x00000007a0f80000)
 ParOldGen       total 53248K, used 9841K [0x0000000740000000, 0x0000000743400000, 0x0000000795580000)
  object space 53248K, 18% used [0x0000000740000000,0x000000074099c6b8,0x0000000743400000)
 Metaspace       used 24930K, capacity 25922K, committed 26112K, reserved 1071104K
  class space    used 3526K, capacity 3798K, committed 3840K, reserved 1048576K
}
Event: 10.836 GC heap before
{Heap before GC invocations=10 (full 1):
 PSYoungGen      total 186368K, used 184258K [0x0000000795580000, 0x00000007a1800000, 0x00000007c0000000)
  eden space 181760K, 100% used [0x0000000795580000,0x00000007a0700000,0x00000007a0700000)
  from space 4608K, 54% used [0x00000007a1380000,0x00000007a15f0ac8,0x00000007a1800000)
  to   space 8704K, 0% used [0x00000007a0700000,0x00000007a0700000,0x00000007a0f80000)
 ParOldGen       total 53248K, used 9841K [0x0000000740000000, 0x0000000743400000, 0x0000000795580000)
  object space 53248K, 18% used [0x0000000740000000,0x000000074099c6b8,0x0000000743400000)
 Metaspace       used 28307K, capacity 29442K, committed 29568K, reserved 1075200K
  class space    used 3913K, capacity 4176K, committed 4224K, reserved 1048576K
Event: 10.856 GC heap after
Heap after GC invocations=10 (full 1):
 PSYoungGen      total 190464K, used 5379K [0x0000000795580000, 0x00000007a6480000, 0x00000007c0000000)
  eden space 181760K, 0% used [0x0000000795580000,0x0000000795580000,0x00000007a0700000)
  from space 8704K, 61% used [0x00000007a0700000,0x00000007a0c40e18,0x00000007a0f80000)
  to   space 8704K, 0% used [0x00000007a5c00000,0x00000007a5c00000,0x00000007a6480000)
 ParOldGen       total 53248K, used 9849K [0x0000000740000000, 0x0000000743400000, 0x0000000795580000)
  object space 53248K, 18% used [0x0000000740000000,0x000000074099e6b8,0x0000000743400000)
 Metaspace       used 28307K, capacity 29442K, committed 29568K, reserved 1075200K
  class space    used 3913K, capacity 4176K, committed 4224K, reserved 1048576K
}

Deoptimization events (10 events):
Event: 13.111 Thread 0x00007fda5e212800 Uncommon trap: reason=bimorphic action=maybe_recompile pc=0x0000000110c0e96c method=java.util.regex.Pattern$Node.study(Ljava/util/regex/Pattern$TreeInfo;)Z @ 12
Event: 13.118 Thread 0x00007fda5e212800 Uncommon trap: reason=unstable_if action=reinterpret pc=0x00000001104b082c method=java.util.concurrent.ConcurrentHashMap.putVal(Ljava/lang/Object;Ljava/lang/Object;Z)Ljava/lang/Object; @ 206
Event: 13.278 Thread 0x00007fda5e212800 Uncommon trap: reason=unstable_if action=reinterpret pc=0x0000000110718c7c method=java.util.regex.Pattern$Branch.match(Ljava/util/regex/Matcher;ILjava/lang/CharSequence;)Z @ 19
Event: 13.278 Thread 0x00007fda5e212800 Uncommon trap: reason=bimorphic action=maybe_recompile pc=0x000000011062a5ec method=java.util.regex.Pattern$BmpCharProperty.match(Ljava/util/regex/Matcher;ILjava/lang/CharSequence;)Z @ 16
Event: 13.278 Thread 0x00007fda5e212800 Uncommon trap: reason=bimorphic action=maybe_recompile pc=0x000000011062a5ec method=java.util.regex.Pattern$BmpCharProperty.match(Ljava/util/regex/Matcher;ILjava/lang/CharSequence;)Z @ 16
Event: 13.278 Thread 0x00007fda5e212800 Uncommon trap: reason=bimorphic action=maybe_recompile pc=0x000000011062a5ec method=java.util.regex.Pattern$BmpCharProperty.match(Ljava/util/regex/Matcher;ILjava/lang/CharSequence;)Z @ 16
Event: 13.278 Thread 0x00007fda5e212800 Uncommon trap: reason=bimorphic action=maybe_recompile pc=0x000000011062a5ec method=java.util.regex.Pattern$BmpCharProperty.match(Ljava/util/regex/Matcher;ILjava/lang/CharSequence;)Z @ 16
Event: 13.288 Thread 0x00007fda5e212800 Uncommon trap: reason=unstable_if action=reinterpret pc=0x00000001108b5444 method=jdk.internal.org.objectweb.asm.Type.getArgumentsAndReturnSizes(Ljava/lang/String;)I @ 41
Event: 13.291 Thread 0x00007fda5e212800 Uncommon trap: reason=unstable_if action=reinterpret pc=0x0000000110aa607c method=com.sun.javafx.geom.transform.AffineBase.translate(DD)V @ 528
Event: 13.320 Thread 0x00007fda5e212800 Uncommon trap: reason=unstable_if action=reinterpret pc=0x0000000110aa7018 method=java.util.ArrayList.remove(I)Ljava/lang/Object; @ 31

Classes redefined (0 events):
No events

Internal exceptions (10 events):
Event: 2.344 Thread 0x00007fda5e212800 Exception <a 'java/io/FileNotFoundException'> (0x00000007963c1340) thrown at [/Users/java_re/workspace/8-2-build-macosx-x86_64/jdk8u162/10278/hotspot/src/share/vm/prims/jni.cpp, line 709]
Event: 4.544 Thread 0x00007fda5dbf5800 Exception <a 'sun/nio/fs/UnixException'> (0x000000079730ef30) thrown at [/Users/java_re/workspace/8-2-build-macosx-x86_64/jdk8u162/10278/hotspot/src/share/vm/prims/jni.cpp, line 709]
Event: 6.401 Thread 0x00007fda5e212800 Exception <a 'java/io/FileNotFoundException'> (0x000000079bbfb448) thrown at [/Users/java_re/workspace/8-2-build-macosx-x86_64/jdk8u162/10278/hotspot/src/share/vm/prims/jni.cpp, line 709]
Event: 7.555 Thread 0x00007fda5e212800 Exception <a 'java/lang/ArrayIndexOutOfBoundsException'> (0x000000079c573d68) thrown at [/Users/java_re/workspace/8-2-build-macosx-x86_64/jdk8u162/10278/hotspot/src/share/vm/runtime/sharedRuntime.cpp, line 605]
Event: 7.557 Thread 0x00007fda5e212800 Exception <a 'java/lang/ArrayIndexOutOfBoundsException'> (0x000000079c58b4f8) thrown at [/Users/java_re/workspace/8-2-build-macosx-x86_64/jdk8u162/10278/hotspot/src/share/vm/runtime/sharedRuntime.cpp, line 605]
Event: 7.559 Thread 0x00007fda5e212800 Exception <a 'java/io/FileNotFoundException'> (0x000000079c58fb20) thrown at [/Users/java_re/workspace/8-2-build-macosx-x86_64/jdk8u162/10278/hotspot/src/share/vm/prims/jni.cpp, line 709]
Event: 13.230 Thread 0x00007fda5e212800 Exception <a 'java/io/FileNotFoundException'> (0x000000079a33dda8) thrown at [/Users/java_re/workspace/8-2-build-macosx-x86_64/jdk8u162/10278/hotspot/src/share/vm/prims/jni.cpp, line 709]
Event: 13.230 Thread 0x00007fda5e212800 Exception <a 'java/io/FileNotFoundException'> (0x000000079a33eb08) thrown at [/Users/java_re/workspace/8-2-build-macosx-x86_64/jdk8u162/10278/hotspot/src/share/vm/prims/jni.cpp, line 709]
Event: 13.278 Thread 0x00007fda5e212800 Exception <a 'java/lang/NoSuchMethodError': java.lang.Object.lambda$maxBy$1(Ljava/util/Comparator;Ljava/lang/Object;Ljava/lang/Object;)Ljava/lang/Object;> (0x000000079a713d68) thrown at [/Users/java_re/workspace/8-2-build-macosx-x86_64/jdk8u162/10278/hots
Event: 13.299 Thread 0x00007fda5e212800 Exception <a 'java/lang/NoSuchMethodError': java.lang.Object.lambda$identity$2(Ljava/lang/Object;)Ljava/lang/Object;> (0x000000079a810a60) thrown at [/Users/java_re/workspace/8-2-build-macosx-x86_64/jdk8u162/10278/hotspot/src/share/vm/interpreter/linkReso

Events (10 events):
Event: 13.327 loading class Controllers/DashboardController$3$3 done
Event: 13.330 loading class eu/hansolo/tilesfx/events/TileEvent
Event: 13.330 loading class eu/hansolo/tilesfx/events/TileEvent done
Event: 13.330 loading class Controllers/DashboardController$3
Event: 13.330 loading class Controllers/DashboardController$3 done
Event: 13.332 loading class eu/hansolo/tilesfx/tools/MovingAverage
Event: 13.332 loading class eu/hansolo/tilesfx/tools/MovingAverage done
Event: 13.333 loading class Controllers/DashboardController$3
Event: 13.333 loading class Controllers/DashboardController$3 done
Event: 13.356 Executing VM operation: RevokeBias


Dynamic libraries:
0x0000000000468000 	/System/Library/Frameworks/Cocoa.framework/Versions/A/Cocoa
0x0000000000468000 	/System/Library/Frameworks/Security.framework/Versions/A/Security
0x0000000000468000 	/System/Library/Frameworks/ApplicationServices.framework/Versions/A/ApplicationServices
0x0000000000468000 	/usr/lib/libz.1.dylib
0x0000000000468000 	/usr/lib/libSystem.B.dylib
0x0000000000468000 	/usr/lib/libobjc.A.dylib
0x0000000000468000 	/System/Library/Frameworks/CoreFoundation.framework/Versions/A/CoreFoundation
0x0000000000468000 	/System/Library/Frameworks/Foundation.framework/Versions/C/Foundation
0x0000000000468000 	/System/Library/Frameworks/AppKit.framework/Versions/C/AppKit
0x0000000000468000 	/System/Library/Frameworks/CoreData.framework/Versions/A/CoreData
0x0000000000468000 	/System/Library/PrivateFrameworks/RemoteViewServices.framework/Versions/A/RemoteViewServices
0x0000000000468000 	/System/Library/PrivateFrameworks/UIFoundation.framework/Versions/A/UIFoundation
0x0000000000468000 	/System/Library/PrivateFrameworks/XCTTargetBootstrap.framework/Versions/A/XCTTargetBootstrap
0x0000000000468000 	/System/Library/PrivateFrameworks/IconServices.framework/Versions/A/IconServices
0x0000000000468000 	/System/Library/Frameworks/Metal.framework/Versions/A/Metal
0x0000000000468000 	/System/Library/PrivateFrameworks/DesktopServicesPriv.framework/Versions/A/DesktopServicesPriv
0x0000000000468000 	/usr/lib/libenergytrace.dylib
0x0000000000468000 	/System/Library/PrivateFrameworks/SkyLight.framework/Versions/A/SkyLight
0x0000000000468000 	/System/Library/Frameworks/CoreGraphics.framework/Versions/A/CoreGraphics
0x0000000000468000 	/System/Library/Frameworks/Accelerate.framework/Versions/A/Accelerate
0x0000000000468000 	/System/Library/Frameworks/IOSurface.framework/Versions/A/IOSurface
0x0000000000468000 	/System/Library/PrivateFrameworks/DFRFoundation.framework/Versions/A/DFRFoundation
0x0000000000468000 	/System/Library/Frameworks/AudioToolbox.framework/Versions/A/AudioToolbox
0x0000000000468000 	/System/Library/Frameworks/AudioUnit.framework/Versions/A/AudioUnit
0x0000000000468000 	/System/Library/PrivateFrameworks/DataDetectorsCore.framework/Versions/A/DataDetectorsCore
0x0000000000468000 	/System/Library/Frameworks/Carbon.framework/Versions/A/Frameworks/HIToolbox.framework/Versions/A/HIToolbox
0x0000000000468000 	/usr/lib/libicucore.A.dylib
0x0000000000468000 	/System/Library/Frameworks/QuartzCore.framework/Versions/A/QuartzCore
0x0000000000468000 	/System/Library/Frameworks/Carbon.framework/Versions/A/Frameworks/SpeechRecognition.framework/Versions/A/SpeechRecognition
0x0000000000468000 	/usr/lib/libauto.dylib
0x0000000000468000 	/usr/lib/libxml2.2.dylib
0x0000000000468000 	/System/Library/PrivateFrameworks/CoreUI.framework/Versions/A/CoreUI
0x0000000000468000 	/System/Library/Frameworks/CoreAudio.framework/Versions/A/CoreAudio
0x0000000000468000 	/System/Library/Frameworks/DiskArbitration.framework/Versions/A/DiskArbitration
0x0000000000468000 	/usr/lib/liblangid.dylib
0x0000000000468000 	/System/Library/PrivateFrameworks/MultitouchSupport.framework/Versions/A/MultitouchSupport
0x0000000000468000 	/System/Library/Frameworks/IOKit.framework/Versions/A/IOKit
0x0000000000468000 	/usr/lib/libDiagnosticMessagesClient.dylib
0x0000000000468000 	/System/Library/Frameworks/CoreServices.framework/Versions/A/CoreServices
0x0000000000468000 	/System/Library/PrivateFrameworks/PerformanceAnalysis.framework/Versions/A/PerformanceAnalysis
0x0000000000468000 	/System/Library/Frameworks/OpenGL.framework/Versions/A/OpenGL
0x0000000000468000 	/System/Library/Frameworks/ColorSync.framework/Versions/A/ColorSync
0x0000000000468000 	/System/Library/Frameworks/CoreImage.framework/Versions/A/CoreImage
0x0000000000468000 	/System/Library/Frameworks/CoreText.framework/Versions/A/CoreText
0x0000000000468000 	/System/Library/Frameworks/ImageIO.framework/Versions/A/ImageIO
0x0000000000468000 	/System/Library/PrivateFrameworks/Backup.framework/Versions/A/Backup
0x0000000000468000 	/usr/lib/libarchive.2.dylib
0x0000000000468000 	/System/Library/Frameworks/CFNetwork.framework/Versions/A/CFNetwork
0x0000000000468000 	/System/Library/Frameworks/SystemConfiguration.framework/Versions/A/SystemConfiguration
0x0000000000468000 	/usr/lib/libCRFSuite.dylib
0x0000000000468000 	/usr/lib/libc++.1.dylib
0x0000000000468000 	/usr/lib/libc++abi.dylib
0x0000000000468000 	/usr/lib/system/libcache.dylib
0x0000000000468000 	/usr/lib/system/libcommonCrypto.dylib
0x0000000000468000 	/usr/lib/system/libcompiler_rt.dylib
0x0000000000468000 	/usr/lib/system/libcopyfile.dylib
0x0000000000468000 	/usr/lib/system/libcorecrypto.dylib
0x0000000000468000 	/usr/lib/system/libdispatch.dylib
0x0000000000468000 	/usr/lib/system/libdyld.dylib
0x0000000000468000 	/usr/lib/system/libkeymgr.dylib
0x0000000000468000 	/usr/lib/system/liblaunch.dylib
0x0000000000468000 	/usr/lib/system/libmacho.dylib
0x0000000000468000 	/usr/lib/system/libquarantine.dylib
0x0000000000468000 	/usr/lib/system/libremovefile.dylib
0x0000000000468000 	/usr/lib/system/libsystem_asl.dylib
0x0000000000468000 	/usr/lib/system/libsystem_blocks.dylib
0x0000000000468000 	/usr/lib/system/libsystem_c.dylib
0x0000000000468000 	/usr/lib/system/libsystem_configuration.dylib
0x0000000000468000 	/usr/lib/system/libsystem_coreservices.dylib
0x0000000000468000 	/usr/lib/system/libsystem_darwin.dylib
0x0000000000468000 	/usr/lib/system/libsystem_dnssd.dylib
0x0000000000468000 	/usr/lib/system/libsystem_info.dylib
0x0000000000468000 	/usr/lib/system/libsystem_m.dylib
0x0000000000468000 	/usr/lib/system/libsystem_malloc.dylib
0x0000000000468000 	/usr/lib/system/libsystem_networkextension.dylib
0x0000000000468000 	/usr/lib/system/libsystem_notify.dylib
0x0000000000468000 	/usr/lib/system/libsystem_sandbox.dylib
0x0000000000468000 	/usr/lib/system/libsystem_secinit.dylib
0x0000000000468000 	/usr/lib/system/libsystem_kernel.dylib
0x0000000000468000 	/usr/lib/system/libsystem_platform.dylib
0x0000000000468000 	/usr/lib/system/libsystem_pthread.dylib
0x0000000000468000 	/usr/lib/system/libsystem_symptoms.dylib
0x0000000000468000 	/usr/lib/system/libsystem_trace.dylib
0x0000000000468000 	/usr/lib/system/libunwind.dylib
0x0000000000468000 	/usr/lib/system/libxpc.dylib
0x0000000000468000 	/usr/lib/libbsm.0.dylib
0x0000000000468000 	/usr/lib/system/libkxld.dylib
0x0000000000468000 	/System/Library/PrivateFrameworks/AppleFSCompression.framework/Versions/A/AppleFSCompression
0x0000000000468000 	/usr/lib/libOpenScriptingUtil.dylib
0x0000000000468000 	/usr/lib/libcoretls.dylib
0x0000000000468000 	/usr/lib/libcoretls_cfhelpers.dylib
0x0000000000468000 	/usr/lib/libpam.2.dylib
0x0000000000468000 	/usr/lib/libsqlite3.dylib
0x0000000000468000 	/usr/lib/libxar.1.dylib
0x0000000000468000 	/usr/lib/libbz2.1.0.dylib
0x0000000000468000 	/usr/lib/liblzma.5.dylib
0x0000000000468000 	/usr/lib/libnetwork.dylib
0x0000000000468000 	/usr/lib/libapple_nghttp2.dylib
0x0000000000468000 	/usr/lib/libpcap.A.dylib
0x0000000000468000 	/System/Library/Frameworks/CoreServices.framework/Versions/A/Frameworks/FSEvents.framework/Versions/A/FSEvents
0x0000000000468000 	/System/Library/Frameworks/CoreServices.framework/Versions/A/Frameworks/CarbonCore.framework/Versions/A/CarbonCore
0x0000000000468000 	/System/Library/Frameworks/CoreServices.framework/Versions/A/Frameworks/Metadata.framework/Versions/A/Metadata
0x0000000000468000 	/System/Library/Frameworks/CoreServices.framework/Versions/A/Frameworks/OSServices.framework/Versions/A/OSServices
0x0000000000468000 	/System/Library/Frameworks/CoreServices.framework/Versions/A/Frameworks/SearchKit.framework/Versions/A/SearchKit
0x0000000000468000 	/System/Library/Frameworks/CoreServices.framework/Versions/A/Frameworks/AE.framework/Versions/A/AE
0x0000000000468000 	/System/Library/Frameworks/CoreServices.framework/Versions/A/Frameworks/LaunchServices.framework/Versions/A/LaunchServices
0x0000000000468000 	/System/Library/Frameworks/CoreServices.framework/Versions/A/Frameworks/DictionaryServices.framework/Versions/A/DictionaryServices
0x0000000000468000 	/System/Library/Frameworks/CoreServices.framework/Versions/A/Frameworks/SharedFileList.framework/Versions/A/SharedFileList
0x0000000000468000 	/System/Library/Frameworks/NetFS.framework/Versions/A/NetFS
0x0000000000468000 	/System/Library/PrivateFrameworks/NetAuth.framework/Versions/A/NetAuth
0x0000000000468000 	/System/Library/PrivateFrameworks/login.framework/Versions/A/Frameworks/loginsupport.framework/Versions/A/loginsupport
0x0000000000468000 	/System/Library/PrivateFrameworks/TCC.framework/Versions/A/TCC
0x0000000000468000 	/System/Library/PrivateFrameworks/CoreNLP.framework/Versions/A/CoreNLP
0x0000000000468000 	/System/Library/PrivateFrameworks/MetadataUtilities.framework/Versions/A/MetadataUtilities
0x0000000000468000 	/usr/lib/libmecabra.dylib
0x0000000000468000 	/System/Library/Frameworks/ApplicationServices.framework/Versions/A/Frameworks/ATS.framework/Versions/A/ATS
0x0000000000468000 	/System/Library/Frameworks/ApplicationServices.framework/Versions/A/Frameworks/ColorSyncLegacy.framework/Versions/A/ColorSyncLegacy
0x0000000000468000 	/System/Library/Frameworks/ApplicationServices.framework/Versions/A/Frameworks/HIServices.framework/Versions/A/HIServices
0x0000000000468000 	/System/Library/Frameworks/ApplicationServices.framework/Versions/A/Frameworks/LangAnalysis.framework/Versions/A/LangAnalysis
0x0000000000468000 	/System/Library/Frameworks/ApplicationServices.framework/Versions/A/Frameworks/PrintCore.framework/Versions/A/PrintCore
0x0000000000468000 	/System/Library/Frameworks/ApplicationServices.framework/Versions/A/Frameworks/QD.framework/Versions/A/QD
0x0000000000468000 	/System/Library/Frameworks/ApplicationServices.framework/Versions/A/Frameworks/SpeechSynthesis.framework/Versions/A/SpeechSynthesis
0x0000000000468000 	/usr/lib/libcompression.dylib
0x0000000000468000 	/System/Library/Frameworks/CoreDisplay.framework/Versions/A/CoreDisplay
0x0000000000468000 	/System/Library/Frameworks/MetalPerformanceShaders.framework/Versions/A/MetalPerformanceShaders
0x0000000000468000 	/System/Library/Frameworks/Accelerate.framework/Versions/A/Frameworks/vImage.framework/Versions/A/vImage
0x0000000000468000 	/System/Library/Frameworks/Accelerate.framework/Versions/A/Frameworks/vecLib.framework/Versions/A/vecLib
0x0000000000468000 	/System/Library/Frameworks/Accelerate.framework/Versions/A/Frameworks/vecLib.framework/Versions/A/libvMisc.dylib
0x0000000000468000 	/System/Library/Frameworks/Accelerate.framework/Versions/A/Frameworks/vecLib.framework/Versions/A/libvDSP.dylib
0x0000000000468000 	/System/Library/Frameworks/Accelerate.framework/Versions/A/Frameworks/vecLib.framework/Versions/A/libBLAS.dylib
0x0000000000468000 	/System/Library/Frameworks/Accelerate.framework/Versions/A/Frameworks/vecLib.framework/Versions/A/libLAPACK.dylib
0x0000000000468000 	/System/Library/Frameworks/Accelerate.framework/Versions/A/Frameworks/vecLib.framework/Versions/A/libLinearAlgebra.dylib
0x0000000000468000 	/System/Library/Frameworks/Accelerate.framework/Versions/A/Frameworks/vecLib.framework/Versions/A/libSparseBLAS.dylib
0x0000000000468000 	/System/Library/Frameworks/Accelerate.framework/Versions/A/Frameworks/vecLib.framework/Versions/A/libQuadrature.dylib
0x0000000000468000 	/System/Library/Frameworks/Accelerate.framework/Versions/A/Frameworks/vecLib.framework/Versions/A/libBNNS.dylib
0x0000000000468000 	/System/Library/Frameworks/Accelerate.framework/Versions/A/Frameworks/vecLib.framework/Versions/A/libSparse.dylib
0x0000000000468000 	/System/Library/PrivateFrameworks/GPUWrangler.framework/Versions/A/GPUWrangler
0x0000000000468000 	/System/Library/PrivateFrameworks/IOAccelerator.framework/Versions/A/IOAccelerator
0x0000000000468000 	/System/Library/PrivateFrameworks/IOPresentment.framework/Versions/A/IOPresentment
0x0000000000468000 	/System/Library/PrivateFrameworks/DSExternalDisplay.framework/Versions/A/DSExternalDisplay
0x0000000000468000 	/System/Library/Frameworks/OpenGL.framework/Versions/A/Libraries/libCoreFSCache.dylib
0x0000000000468000 	/System/Library/Frameworks/MetalPerformanceShaders.framework/Frameworks/MPSCore.framework/Versions/A/MPSCore
0x0000000000468000 	/System/Library/Frameworks/MetalPerformanceShaders.framework/Frameworks/MPSImage.framework/Versions/A/MPSImage
0x0000000000468000 	/System/Library/Frameworks/MetalPerformanceShaders.framework/Frameworks/MPSNeuralNetwork.framework/Versions/A/MPSNeuralNetwork
0x0000000000468000 	/System/Library/Frameworks/MetalPerformanceShaders.framework/Frameworks/MPSMatrix.framework/Versions/A/MPSMatrix
0x0000000000468000 	/System/Library/Frameworks/MetalPerformanceShaders.framework/Frameworks/MPSRayIntersector.framework/Versions/A/MPSRayIntersector
0x0000000000468000 	/System/Library/PrivateFrameworks/MetalTools.framework/Versions/A/MetalTools
0x0000000000468000 	/System/Library/PrivateFrameworks/AggregateDictionary.framework/Versions/A/AggregateDictionary
0x0000000000468000 	/usr/lib/libMobileGestalt.dylib
0x0000000000468000 	/System/Library/Frameworks/CoreVideo.framework/Versions/A/CoreVideo
0x0000000000468000 	/System/Library/PrivateFrameworks/GraphVisualizer.framework/Versions/A/GraphVisualizer
0x0000000000468000 	/System/Library/PrivateFrameworks/FaceCore.framework/Versions/A/FaceCore
0x0000000000468000 	/System/Library/Frameworks/OpenCL.framework/Versions/A/OpenCL
0x0000000000468000 	/usr/lib/libFosl_dynamic.dylib
0x0000000000468000 	/System/Library/PrivateFrameworks/OTSVG.framework/Versions/A/OTSVG
0x0000000000468000 	/System/Library/Frameworks/ApplicationServices.framework/Versions/A/Frameworks/ATS.framework/Versions/A/Resources/libFontParser.dylib
0x0000000000468000 	/System/Library/Frameworks/ApplicationServices.framework/Versions/A/Frameworks/ATS.framework/Versions/A/Resources/libFontRegistry.dylib
0x0000000000468000 	/System/Library/Frameworks/ImageIO.framework/Versions/A/Resources/libJPEG.dylib
0x0000000000468000 	/System/Library/Frameworks/ImageIO.framework/Versions/A/Resources/libTIFF.dylib
0x0000000000468000 	/System/Library/Frameworks/ImageIO.framework/Versions/A/Resources/libPng.dylib
0x0000000000468000 	/System/Library/Frameworks/ImageIO.framework/Versions/A/Resources/libGIF.dylib
0x0000000000468000 	/System/Library/Frameworks/ImageIO.framework/Versions/A/Resources/libJP2.dylib
0x0000000000468000 	/System/Library/Frameworks/ImageIO.framework/Versions/A/Resources/libRadiance.dylib
0x0000000000468000 	/System/Library/PrivateFrameworks/AppleJPEG.framework/Versions/A/AppleJPEG
0x0000000000468000 	/System/Library/Frameworks/OpenGL.framework/Versions/A/Libraries/libGFXShared.dylib
0x0000000000468000 	/System/Library/Frameworks/OpenGL.framework/Versions/A/Libraries/libGLU.dylib
0x0000000000468000 	/System/Library/Frameworks/OpenGL.framework/Versions/A/Libraries/libGL.dylib
0x0000000000468000 	/System/Library/Frameworks/OpenGL.framework/Versions/A/Libraries/libGLImage.dylib
0x0000000000468000 	/System/Library/Frameworks/OpenGL.framework/Versions/A/Libraries/libCVMSPluginSupport.dylib
0x0000000000468000 	/System/Library/Frameworks/OpenGL.framework/Versions/A/Libraries/libCoreVMClient.dylib
0x0000000000468000 	/usr/lib/libcups.2.dylib
0x0000000000468000 	/System/Library/Frameworks/Kerberos.framework/Versions/A/Kerberos
0x0000000000468000 	/System/Library/Frameworks/GSS.framework/Versions/A/GSS
0x0000000000468000 	/usr/lib/libresolv.9.dylib
0x0000000000468000 	/usr/lib/libiconv.2.dylib
0x0000000000468000 	/System/Library/PrivateFrameworks/Heimdal.framework/Versions/A/Heimdal
0x0000000000468000 	/usr/lib/libheimdal-asn1.dylib
0x0000000000468000 	/System/Library/Frameworks/OpenDirectory.framework/Versions/A/OpenDirectory
0x0000000000468000 	/System/Library/PrivateFrameworks/CommonAuth.framework/Versions/A/CommonAuth
0x0000000000468000 	/System/Library/Frameworks/OpenDirectory.framework/Versions/A/Frameworks/CFOpenDirectory.framework/Versions/A/CFOpenDirectory
0x0000000000468000 	/System/Library/Frameworks/SecurityFoundation.framework/Versions/A/SecurityFoundation
0x0000000000468000 	/System/Library/PrivateFrameworks/APFS.framework/Versions/A/APFS
0x0000000000468000 	/usr/lib/libutil.dylib
0x0000000000468000 	/usr/lib/libcharset.1.dylib
0x0000000000468000 	/System/Library/PrivateFrameworks/AppleSauce.framework/Versions/A/AppleSauce
0x0000000000468000 	/System/Library/PrivateFrameworks/AssertionServices.framework/Versions/A/AssertionServices
0x0000000000468000 	/System/Library/PrivateFrameworks/BaseBoard.framework/Versions/A/BaseBoard
0x0000000000468000 	/usr/lib/libmecab.1.0.0.dylib
0x0000000000468000 	/usr/lib/libgermantok.dylib
0x0000000000468000 	/usr/lib/libThaiTokenizer.dylib
0x0000000000468000 	/usr/lib/libChineseTokenizer.dylib
0x0000000000468000 	/System/Library/PrivateFrameworks/LanguageModeling.framework/Versions/A/LanguageModeling
0x0000000000468000 	/System/Library/PrivateFrameworks/CoreEmoji.framework/Versions/A/CoreEmoji
0x0000000000468000 	/System/Library/PrivateFrameworks/Lexicon.framework/Versions/A/Lexicon
0x0000000000468000 	/System/Library/PrivateFrameworks/LinguisticData.framework/Versions/A/LinguisticData
0x0000000000468000 	/usr/lib/libcmph.dylib
0x0000000000468000 	/System/Library/Frameworks/ServiceManagement.framework/Versions/A/ServiceManagement
0x0000000000468000 	/System/Library/PrivateFrameworks/BackgroundTaskManagement.framework/Versions/A/BackgroundTaskManagement
0x0000000000468000 	/usr/lib/libxslt.1.dylib
0x0000000000468000 	/System/Library/Frameworks/Carbon.framework/Versions/A/Frameworks/Ink.framework/Versions/A/Ink
0x0000000000468000 	/System/Library/PrivateFrameworks/TextureIO.framework/Versions/A/TextureIO
0x0000000000468000 	/usr/lib/libate.dylib
0x0000000000468000 	/System/Library/PrivateFrameworks/CrashReporterSupport.framework/Versions/A/CrashReporterSupport
0x0000000000468000 	/System/Library/PrivateFrameworks/Sharing.framework/Versions/A/Sharing
0x0000000000468000 	/System/Library/PrivateFrameworks/AuthKit.framework/Versions/A/AuthKit
0x0000000000468000 	/System/Library/PrivateFrameworks/Apple80211.framework/Versions/A/Apple80211
0x0000000000468000 	/System/Library/PrivateFrameworks/CoreUtils.framework/Versions/A/CoreUtils
0x0000000000468000 	/System/Library/Frameworks/CoreWLAN.framework/Versions/A/CoreWLAN
0x0000000000468000 	/System/Library/Frameworks/IOBluetooth.framework/Versions/A/IOBluetooth
0x0000000000468000 	/System/Library/PrivateFrameworks/ProtocolBuffer.framework/Versions/A/ProtocolBuffer
0x0000000000468000 	/System/Library/PrivateFrameworks/MobileKeyBag.framework/Versions/A/MobileKeyBag
0x0000000000468000 	/System/Library/PrivateFrameworks/CorePhoneNumbers.framework/Versions/A/CorePhoneNumbers
0x0000000000468000 	/System/Library/PrivateFrameworks/AppleIDAuthSupport.framework/Versions/A/AppleIDAuthSupport
0x0000000000468000 	/System/Library/PrivateFrameworks/KeychainCircle.framework/Versions/A/KeychainCircle
0x0000000000468000 	/System/Library/PrivateFrameworks/ROCKit.framework/Versions/A/ROCKit
0x0000000000468000 	/System/Library/PrivateFrameworks/CoreWiFi.framework/Versions/A/CoreWiFi
0x0000000000468000 	/System/Library/Frameworks/CoreBluetooth.framework/Versions/A/CoreBluetooth
0x0000000000468000 	/System/Library/PrivateFrameworks/DebugSymbols.framework/Versions/A/DebugSymbols
0x0000000000468000 	/System/Library/PrivateFrameworks/CoreSymbolication.framework/Versions/A/CoreSymbolication
0x0000000000468000 	/System/Library/PrivateFrameworks/Symbolication.framework/Versions/A/Symbolication
0x0000000000468000 	/System/Library/PrivateFrameworks/SpeechRecognitionCore.framework/Versions/A/SpeechRecognitionCore
0x0000000102000000 	/Library/Java/JavaVirtualMachines/jdk1.8.0_162.jdk/Contents/Home/jre/lib/server/libjvm.dylib
0x0000000000468000 	/usr/lib/libstdc++.6.dylib
0x0000000101615000 	/Library/Java/JavaVirtualMachines/jdk1.8.0_162.jdk/Contents/Home/jre/lib/libverify.dylib
0x0000000101623000 	/Library/Java/JavaVirtualMachines/jdk1.8.0_162.jdk/Contents/Home/jre/lib/libjava.dylib
0x000000010165a000 	/Library/Java/JavaVirtualMachines/jdk1.8.0_162.jdk/Contents/Home/jre/lib/libinstrument.dylib
0x00000001016f8000 	/Library/Java/JavaVirtualMachines/jdk1.8.0_162.jdk/Contents/Home/jre/lib/libzip.dylib
0x0000000109be2000 	/Library/Java/JavaVirtualMachines/jdk1.8.0_162.jdk/Contents/Home/jre/lib/libnet.dylib
0x0000000109c41000 	/Library/Java/JavaVirtualMachines/jdk1.8.0_162.jdk/Contents/Home/jre/lib/libprism_es2.dylib
0x0000000000468000 	/System/Library/PrivateFrameworks/CoreServicesInternal.framework/Versions/A/CoreServicesInternal
0x0000000000468000 	/System/Library/Frameworks/OpenGL.framework/Versions/A/Resources/GLEngine.bundle/GLEngine
0x0000000000468000 	/System/Library/Frameworks/OpenGL.framework/Versions/A/Libraries/libGLProgrammability.dylib
0x0000000000468000 	/System/Library/Extensions/AppleIntelKBLGraphicsGLDriver.bundle/Contents/MacOS/AppleIntelKBLGraphicsGLDriver
0x0000000000468000 	/System/Library/PrivateFrameworks/GPUSupport.framework/Versions/A/Libraries/libGPUSupportMercury.dylib
0x0000000000468000 	/System/Library/Frameworks/OpenGL.framework/Versions/A/Resources/GLRendererFloat.bundle/GLRendererFloat
0x0000000000468000 	/System/Library/Frameworks/OpenCL.framework/Versions/A/Libraries/libcldcpuengine.dylib
0x0000000000468000 	/usr/lib/libcrypto.35.dylib
0x0000000000468000 	/System/Library/PrivateFrameworks/TrustEvaluationAgent.framework/Versions/A/TrustEvaluationAgent
0x000000010a36a000 	/Library/Java/JavaVirtualMachines/jdk1.8.0_162.jdk/Contents/Home/jre/lib/libglass.dylib
0x0000000000468000 	/System/Library/CoreServices/RawCamera.bundle/Contents/MacOS/RawCamera
0x0000000000468000 	/System/Library/PrivateFrameworks/MobileAsset.framework/Versions/A/MobileAsset
0x0000000000468000 	/System/Library/PrivateFrameworks/StreamingZip.framework/Versions/A/StreamingZip
0x0000000000468000 	/System/Library/Frameworks/MediaToolbox.framework/Versions/A/MediaToolbox
0x0000000000468000 	/System/Library/PrivateFrameworks/CoreAVCHD.framework/Versions/A/CoreAVCHD
0x0000000000468000 	/System/Library/Frameworks/MediaAccessibility.framework/Versions/A/MediaAccessibility
0x0000000000468000 	/System/Library/PrivateFrameworks/Mangrove.framework/Versions/A/Mangrove
0x0000000000468000 	/System/Library/Frameworks/CoreMedia.framework/Versions/A/CoreMedia
0x0000000000468000 	/System/Library/Frameworks/VideoToolbox.framework/Versions/A/VideoToolbox
0x0000000000468000 	/System/Library/PrivateFrameworks/CoreAUC.framework/Versions/A/CoreAUC
0x0000000000468000 	/usr/lib/libspindump.dylib
0x0000000000468000 	/System/Library/PrivateFrameworks/AppleVA.framework/Versions/A/AppleVA
0x0000000000468000 	/System/Library/Frameworks/Accelerate.framework/Versions/A/Frameworks/vImage.framework/Versions/A/Libraries/libCGInterfaces.dylib
0x0000000000468000 	/System/Library/PrivateFrameworks/FamilyControls.framework/Versions/A/FamilyControls
0x0000000000468000 	/System/Library/PrivateFrameworks/CommerceKit.framework/Versions/A/Frameworks/CommerceCore.framework/Versions/A/CommerceCore
0x0000000000468000 	/System/Library/PrivateFrameworks/SystemAdministration.framework/Versions/A/SystemAdministration
0x0000000000468000 	/System/Library/PrivateFrameworks/AppContainer.framework/Versions/A/AppContainer
0x0000000000468000 	/System/Library/PrivateFrameworks/AppSandbox.framework/Versions/A/AppSandbox
0x0000000000468000 	/System/Library/PrivateFrameworks/SecCodeWrapper.framework/Versions/A/SecCodeWrapper
0x0000000000468000 	/usr/lib/libsandbox.1.dylib
0x0000000000468000 	/usr/lib/libMatch.1.dylib
0x0000000000468000 	/System/Library/PrivateFrameworks/DiskManagement.framework/Versions/A/DiskManagement
0x0000000000468000 	/System/Library/Frameworks/DirectoryService.framework/Versions/A/DirectoryService
0x0000000000468000 	/System/Library/PrivateFrameworks/DiskImages.framework/Versions/A/DiskImages
0x0000000000468000 	/System/Library/PrivateFrameworks/LoginUIKit.framework/Versions/A/Frameworks/LoginUICore.framework/Versions/A/LoginUICore
0x0000000000468000 	/usr/lib/libCoreStorage.dylib
0x0000000000468000 	/usr/lib/libcsfde.dylib
0x0000000000468000 	/usr/lib/libodfde.dylib
0x0000000000468000 	/System/Library/PrivateFrameworks/MediaKit.framework/Versions/A/MediaKit
0x0000000000468000 	/System/Library/Frameworks/DiscRecording.framework/Versions/A/DiscRecording
0x0000000000468000 	/System/Library/PrivateFrameworks/EFILogin.framework/Versions/A/EFILogin
0x0000000000468000 	/System/Library/PrivateFrameworks/ProtectedCloudStorage.framework/Versions/A/ProtectedCloudStorage
0x0000000000468000 	/usr/lib/libcurl.4.dylib
0x0000000000468000 	/usr/lib/libcrypto.42.dylib
0x0000000000468000 	/usr/lib/libssl.44.dylib
0x0000000000468000 	/System/Library/Frameworks/LDAP.framework/Versions/A/LDAP
0x0000000000468000 	/usr/lib/libsasl2.2.dylib
0x0000000000468000 	/System/Library/PrivateFrameworks/CoreDaemon.framework/Versions/B/CoreDaemon
0x0000000000468000 	/System/Library/PrivateFrameworks/AppleSRP.framework/Versions/A/AppleSRP
0x0000000000468000 	/System/Library/PrivateFrameworks/ViewBridge.framework/Versions/A/ViewBridge
0x0000000109f6f000 	/Library/Java/JavaVirtualMachines/jdk1.8.0_162.jdk/Contents/Home/jre/lib/libjavafx_font.dylib
0x0000000000468000 	/System/Library/Frameworks/ApplicationServices.framework/Versions/A/Frameworks/ATS.framework/Versions/A/Resources/libTrueTypeScaler.dylib
0x000000010e7a6000 	/Library/Java/JavaVirtualMachines/jdk1.8.0_162.jdk/Contents/Home/jre/lib/libnio.dylib
0x000000011f003000 	/Library/Java/JavaVirtualMachines/jdk1.8.0_162.jdk/Contents/Home/jre/lib/libjfxwebkit.dylib
0x000000010ecf1000 	/Library/Java/JavaVirtualMachines/jdk1.8.0_162.jdk/Contents/Home/jre/lib/libsunec.dylib
0x000000010ed1e000 	/usr/lib/libobjc-trampolines.dylib
0x0000000000468000 	/System/Library/Extensions/AppleIntelKBLGraphicsMTLDriver.bundle/Contents/MacOS/AppleIntelKBLGraphicsMTLDriver
0x0000000000468000 	/System/Library/PrivateFrameworks/GPUCompiler.framework/Versions/3902/Libraries/libmetal_timestamp.dylib
0x0000000127a51000 	/Library/Java/JavaVirtualMachines/jdk1.8.0_162.jdk/Contents/Home/jre/lib/libprism_common.dylib
0x000000012c49a000 	/Library/Java/JavaVirtualMachines/jdk1.8.0_162.jdk/Contents/Home/jre/lib/libglib-lite.dylib
0x000000012d600000 	/Library/Java/JavaVirtualMachines/jdk1.8.0_162.jdk/Contents/Home/jre/lib/libgstreamer-lite.dylib
0x000000012c5bb000 	/Library/Java/JavaVirtualMachines/jdk1.8.0_162.jdk/Contents/Home/jre/lib/libjfxmedia.dylib
0x000000012d779000 	/Library/Java/JavaVirtualMachines/jdk1.8.0_162.jdk/Contents/Home/jre/lib/libjfxmedia_avf.dylib
0x0000000000468000 	/System/Library/Frameworks/AVFoundation.framework/Versions/A/AVFoundation
0x0000000000468000 	/System/Library/Frameworks/AVFoundation.framework/Versions/A/Frameworks/AVFAudio.framework/Versions/A/AVFAudio
0x0000000000468000 	/System/Library/PrivateFrameworks/InternationalSupport.framework/Versions/A/InternationalSupport
0x0000000000468000 	/System/Library/Frameworks/CoreMediaIO.framework/Versions/A/CoreMediaIO
0x0000000000468000 	/System/Library/PrivateFrameworks/RemoteServiceDiscovery.framework/Versions/A/RemoteServiceDiscovery
0x0000000000468000 	/System/Library/PrivateFrameworks/RemoteXPC.framework/Versions/A/RemoteXPC
0x000000012d7b0000 	/Library/Java/JavaVirtualMachines/jdk1.8.0_162.jdk/Contents/Home/jre/lib/libjfxmedia_qtkit.dylib
0x0000000000468000 	/System/Library/Frameworks/QTKit.framework/Versions/A/QTKit
0x0000000000468000 	/System/Library/Frameworks/Carbon.framework/Versions/A/Carbon
0x0000000000468000 	/System/Library/PrivateFrameworks/CoreMediaAuthoring.framework/Versions/A/CoreMediaAuthoring
0x0000000000468000 	/System/Library/Frameworks/Carbon.framework/Versions/A/Frameworks/CommonPanels.framework/Versions/A/CommonPanels
0x0000000000468000 	/System/Library/Frameworks/Carbon.framework/Versions/A/Frameworks/Help.framework/Versions/A/Help
0x0000000000468000 	/System/Library/Frameworks/Carbon.framework/Versions/A/Frameworks/ImageCapture.framework/Versions/A/ImageCapture
0x0000000000468000 	/System/Library/Frameworks/Carbon.framework/Versions/A/Frameworks/OpenScripting.framework/Versions/A/OpenScripting
0x0000000000468000 	/System/Library/Frameworks/Carbon.framework/Versions/A/Frameworks/Print.framework/Versions/A/Print
0x0000000000468000 	/System/Library/Frameworks/Carbon.framework/Versions/A/Frameworks/SecurityHI.framework/Versions/A/SecurityHI
0x0000000000468000 	/System/Library/PrivateFrameworks/login.framework/Versions/A/login
0x000000012d89b000 	/Library/Java/JavaVirtualMachines/jdk1.8.0_162.jdk/Contents/Home/jre/lib/libjavafx_iio.dylib
0x000000012afeb000 	/Library/Java/JavaVirtualMachines/jdk1.8.0_162.jdk/Contents/Home/jre/lib/libfxplugins.dylib
0x0000000000468000 	/System/Library/Frameworks/VideoDecodeAcceleration.framework/Versions/A/VideoDecodeAcceleration
0x000000012b02f000 	/System/Library/Extensions/AppleHDA.kext/Contents/PlugIns/AppleHDAHALPlugIn.bundle/Contents/MacOS/AppleHDAHALPlugIn
0x000000012b064000 	/System/Library/Components/CoreAudio.component/Contents/MacOS/CoreAudio
0x000000012b2c0000 	/System/Library/Components/AudioCodecs.component/Contents/MacOS/AudioCodecs
0x0000000000468000 	/System/Library/PrivateFrameworks/AppleGVA.framework/Versions/A/AppleGVA
0x0000000000468000 	/System/Library/PrivateFrameworks/RTCReporting.framework/Versions/A/RTCReporting
0x0000000000468000 	/usr/lib/libusrtcp.dylib
0x0000000000468000 	/usr/lib/libboringssl.dylib
0x0000000000468000 	/usr/lib/log/liblog_network.dylib
0x0000000000468000 	/System/Library/PrivateFrameworks/WirelessDiagnostics.framework/Versions/A/WirelessDiagnostics
0x0000000000468000 	/System/Library/PrivateFrameworks/WirelessDiagnostics.framework/Versions/A/Libraries/libAWDSupportFramework.dylib
0x0000000000468000 	/System/Library/PrivateFrameworks/WirelessDiagnostics.framework/Versions/A/Libraries/libprotobuf-lite.dylib
0x0000000000468000 	/usr/lib/libTelephonyUtilDynamic.dylib
0x0000000000468000 	/System/Library/PrivateFrameworks/WirelessDiagnostics.framework/Versions/A/Libraries/libprotobuf.dylib
0x0000000000468000 	/System/Library/PrivateFrameworks/PowerLog.framework/Versions/A/PowerLog
0x0000000000468000 	/System/Library/PrivateFrameworks/CoreAnalytics.framework/Versions/A/CoreAnalytics
0x00000001238cf000 	/Library/Java/JavaVirtualMachines/jdk1.8.0_162.jdk/Contents/Home/jre/lib/libawt.dylib
0x0000000123979000 	/Library/Java/JavaVirtualMachines/jdk1.8.0_162.jdk/Contents/Home/jre/lib/./libmlib_image.dylib
0x0000000000468000 	/System/Library/Frameworks/JavaVM.framework/Versions/A/Frameworks/JavaNativeFoundation.framework/Versions/A/JavaNativeFoundation
0x0000000000468000 	/System/Library/Frameworks/JavaVM.framework/Versions/A/Frameworks/JavaRuntimeSupport.framework/Versions/A/JavaRuntimeSupport
0x0000000000468000 	/System/Library/Frameworks/JavaVM.framework/Versions/A/JavaVM
0x0000000000468000 	/System/Library/PrivateFrameworks/JavaLaunching.framework/Versions/A/JavaLaunching
0x0000000123a45000 	/Library/Java/JavaVirtualMachines/jdk1.8.0_162.jdk/Contents/Home/jre/lib/libawt_lwawt.dylib
0x0000000123aff000 	/Library/Java/JavaVirtualMachines/jdk1.8.0_162.jdk/Contents/Home/jre/lib/./libosxapp.dylib
0x0000000000468000 	/System/Library/Frameworks/ExceptionHandling.framework/Versions/A/ExceptionHandling

VM Arguments:
jvm_args: -javaagent:/Applications/IntelliJ IDEA.app/Contents/lib/idea_rt.jar=54968:/Applications/IntelliJ IDEA.app/Contents/bin -Dfile.encoding=UTF-8 
java_command: Engine.Main
java_class_path (initial): /Library/Java/JavaVirtualMachines/jdk1.8.0_162.jdk/Contents/Home/jre/lib/charsets.jar:/Library/Java/JavaVirtualMachines/jdk1.8.0_162.jdk/Contents/Home/jre/lib/deploy.jar:/Library/Java/JavaVirtualMachines/jdk1.8.0_162.jdk/Contents/Home/jre/lib/ext/cldrdata.jar:/Library/Java/JavaVirtualMachines/jdk1.8.0_162.jdk/Contents/Home/jre/lib/ext/dnsns.jar:/Library/Java/JavaVirtualMachines/jdk1.8.0_162.jdk/Contents/Home/jre/lib/ext/jaccess.jar:/Library/Java/JavaVirtualMachines/jdk1.8.0_162.jdk/Contents/Home/jre/lib/ext/jfxrt.jar:/Library/Java/JavaVirtualMachines/jdk1.8.0_162.jdk/Contents/Home/jre/lib/ext/localedata.jar:/Library/Java/JavaVirtualMachines/jdk1.8.0_162.jdk/Contents/Home/jre/lib/ext/nashorn.jar:/Library/Java/JavaVirtualMachines/jdk1.8.0_162.jdk/Contents/Home/jre/lib/ext/sunec.jar:/Library/Java/JavaVirtualMachines/jdk1.8.0_162.jdk/Contents/Home/jre/lib/ext/sunjce_provider.jar:/Library/Java/JavaVirtualMachines/jdk1.8.0_162.jdk/Contents/Home/jre/lib/ext/sunpkcs11.jar:/Library/Java/JavaVirtualMachines/jdk1.8.0_162.jdk/Contents/Home/jre/lib/ext/zipfs.jar:/Library/Java/JavaVirtualMachines/jdk1.8.0_162.jdk/Contents/Home/jre/lib/javaws.jar:/Library/Java/JavaVirtualMachines/jdk1.8.0_162.jdk/Contents/Home/jre/lib/jce.jar:/Library/Java/JavaVirtualMachines/jdk1.8.0_162.jdk/Contents/Home/jre/lib/jfr.jar:/Library/Java/JavaVirtualMachines/jdk1.8.0_162.jdk/Contents/Home/jre/lib/jfxswt.jar:/Library/Java/JavaVirtualMachines/jdk1.8.0_162.jdk/Contents/Home/jre/lib/jsse.jar:/Library/Java/JavaVirtualMachines/jdk1.8.0_162.jdk/Contents/Home/jre/lib/management-agent.jar:/Library/Java/JavaVirtualMachines/jdk1.8.0_162.jdk/Contents/Home/jre/lib/plugin.jar:/Library/Java/JavaVirtualMachines/jdk1.8.0_162.jdk/Contents/Home/jre/lib/resources.jar:/Library/Java/JavaVirtualMachines/jdk1.8.0_162.jdk/Contents/Home/jre/lib/rt.jar:/Library/Java/JavaVirtualMachines/jdk1.8.0_162.jdk/Contents/Home/lib/ant-javafx.jar:/Library/Java/JavaVirtualMachines/jdk1.8.0_162.jdk/Contents/Home
Launcher Type: SUN_STANDARD

Environment Variables:
PATH=/usr/local/bin:/usr/local/sbin:/usr/bin:/bin:/usr/sbin:/sbin
SHELL=/bin/zsh

Signal Handlers:
SIGSEGV: [libjvm.dylib+0x5b52b5], sa_mask[0]=11111111011111110111111111111111, sa_flags=SA_ONSTACK|SA_RESTART|SA_SIGINFO
SIGBUS: [libjvm.dylib+0x5b52b5], sa_mask[0]=11111111011111110111111111111111, sa_flags=SA_RESTART|SA_SIGINFO
SIGFPE: [libjvm.dylib+0x48ac5c], sa_mask[0]=11111111011111110111111111111111, sa_flags=SA_RESTART|SA_SIGINFO
SIGPIPE: [libjvm.dylib+0x48ac5c], sa_mask[0]=11111111011111110111111111111111, sa_flags=SA_RESTART|SA_SIGINFO
SIGXFSZ: [libjvm.dylib+0x48ac5c], sa_mask[0]=11111111011111110111111111111111, sa_flags=SA_RESTART|SA_SIGINFO
SIGILL: [libjvm.dylib+0x48ac5c], sa_mask[0]=11111111011111110111111111111111, sa_flags=SA_RESTART|SA_SIGINFO
SIGUSR1: SIG_DFL, sa_mask[0]=00000000000000000000000000000000, sa_flags=none
SIGUSR2: [libjvm.dylib+0x48a77a], sa_mask[0]=00100000000000000000000000000000, sa_flags=SA_RESTART|SA_SIGINFO
SIGHUP: [libjvm.dylib+0x488d45], sa_mask[0]=11111111011111110111111111111111, sa_flags=SA_RESTART|SA_SIGINFO
SIGINT: [libjvm.dylib+0x488d45], sa_mask[0]=11111111011111110111111111111111, sa_flags=SA_RESTART|SA_SIGINFO
SIGTERM: [libjvm.dylib+0x488d45], sa_mask[0]=11111111011111110111111111111111, sa_flags=SA_RESTART|SA_SIGINFO
SIGQUIT: [libjvm.dylib+0x488d45], sa_mask[0]=11111111011111110111111111111111, sa_flags=SA_RESTART|SA_SIGINFO


---------------  S Y S T E M  ---------------

OS:Bsduname:Darwin 18.0.0 Darwin Kernel Version 18.0.0: Wed Aug 22 20:13:40 PDT 2018; root:xnu-4903.201.2~1/RELEASE_X86_64 x86_64
rlimit: STACK 8192k, CORE 0k, NPROC 709, NOFILE 10240, AS infinity
load average:4.81 4.02 4.38

CPU:total 4 (initial active 4) (2 cores per cpu, 2 threads per core) family 6 model 142 stepping 9, cmov, cx8, fxsr, mmx, sse, sse2, sse3, ssse3, sse4.1, sse4.2, popcnt, avx, avx2, aes, clmul, erms, rtm, 3dnowpref, lzcnt, ht, tsc, tscinvbit, bmi1, bmi2, adx

Memory: 4k page, physical 8388608k(28000k free)

/proc/meminfo:


vm_info: Java HotSpot(TM) 64-Bit Server VM (25.162-b12) for bsd-amd64 JRE (1.8.0_162-b12), built on Dec 19 2017 17:33:35 by "java_re" with gcc 4.2.1 (Based on Apple Inc. build 5658) (LLVM build 2336.11.00)

time: Wed Oct 24 01:06:26 2018
elapsed time: 13 seconds (0d 0h 0m 13s)

